<?xml version="1.0" encoding="UTF-8"?>
<testsuite xmlns:xsi="http://www.w3.org/2001/XMLSchema-instance" xsi:noNamespaceSchemaLocation="https://maven.apache.org/surefire/maven-surefire-plugin/xsd/surefire-test-report-3.0.xsd" version="3.0" name="units.TemperatureTest" time="0.007" tests="6" errors="0" skipped="0" failures="0">
  <properties>
    <property name="java.specification.version" value="22"/>
    <property name="sun.cpu.isalist" value="amd64"/>
    <property name="sun.jnu.encoding" value="UTF-8"/>
    <property name="java.class.path" value="C:\Users\azure\Repositórios\alura\oracle-next-education\challenges\conversor-de-moedas\target\test-classes;C:\Users\azure\Repositórios\alura\oracle-next-education\challenges\conversor-de-moedas\target\classes;C:\Users\azure\.m2\repository\junit\junit\4.13.2\junit-4.13.2.jar;C:\Users\azure\.m2\repository\org\hamcrest\hamcrest-core\1.3\hamcrest-core-1.3.jar;C:\Users\azure\.m2\repository\com\formdev\flatlaf\3.0\flatlaf-3.0.jar;C:\Users\azure\.m2\repository\com\google\code\gson\gson\2.10.1\gson-2.10.1.jar;"/>
    <property name="java.vm.vendor" value="Oracle Corporation"/>
    <property name="sun.arch.data.model" value="64"/>
    <property name="user.variant" value=""/>
    <property name="java.vendor.url" value="https://java.oracle.com/"/>
    <property name="user.timezone" value="America/Fortaleza"/>
    <property name="os.name" value="Windows 11"/>
    <property name="java.vm.specification.version" value="22"/>
    <property name="sun.java.launcher" value="SUN_STANDARD"/>
    <property name="user.country" value="BR"/>
    <property name="sun.boot.library.path" value="C:\Program Files\Java\jdk-22\bin"/>
    <property name="sun.java.command" value="C:\Users\azure\AppData\Local\Temp\surefire16541486726069891445\surefirebooter-20240422110725944_3.jar C:\Users\azure\AppData\Local\Temp\surefire16541486726069891445 2024-04-22T11-07-25_036-jvmRun1 surefire-20240422110725944_1tmp surefire_0-20240422110725944_2tmp"/>
    <property name="jdk.debug" value="release"/>
    <property name="surefire.test.class.path" value="C:\Users\azure\Repositórios\alura\oracle-next-education\challenges\conversor-de-moedas\target\test-classes;C:\Users\azure\Repositórios\alura\oracle-next-education\challenges\conversor-de-moedas\target\classes;C:\Users\azure\.m2\repository\junit\junit\4.13.2\junit-4.13.2.jar;C:\Users\azure\.m2\repository\org\hamcrest\hamcrest-core\1.3\hamcrest-core-1.3.jar;C:\Users\azure\.m2\repository\com\formdev\flatlaf\3.0\flatlaf-3.0.jar;C:\Users\azure\.m2\repository\com\google\code\gson\gson\2.10.1\gson-2.10.1.jar;"/>
    <property name="sun.cpu.endian" value="little"/>
    <property name="user.home" value="C:\Users\azure"/>
    <property name="user.language" value="pt"/>
    <property name="java.specification.vendor" value="Oracle Corporation"/>
    <property name="java.version.date" value="2024-04-16"/>
    <property name="java.home" value="C:\Program Files\Java\jdk-22"/>
    <property name="file.separator" value="\"/>
    <property name="basedir" value="C:\Users\azure\Repositórios\alura\oracle-next-education\challenges\conversor-de-moedas"/>
    <property name="java.vm.compressedOopsMode" value="32-bit"/>
    <property name="line.separator" value="&#10;"/>
    <property name="java.vm.specification.vendor" value="Oracle Corporation"/>
    <property name="java.specification.name" value="Java Platform API Specification"/>
    <property name="surefire.real.class.path" value="C:\Users\azure\AppData\Local\Temp\surefire16541486726069891445\surefirebooter-20240422110725944_3.jar"/>
    <property name="user.script" value=""/>
    <property name="sun.management.compiler" value="HotSpot 64-Bit Tiered Compilers"/>
    <property name="java.runtime.version" value="22.0.1+8-16"/>
    <property name="user.name" value="azure"/>
    <property name="stdout.encoding" value="UTF-8"/>
    <property name="path.separator" value=";"/>
    <property name="os.version" value="10.0"/>
    <property name="java.runtime.name" value="Java(TM) SE Runtime Environment"/>
    <property name="file.encoding" value="UTF-8"/>
    <property name="java.vm.name" value="Java HotSpot(TM) 64-Bit Server VM"/>
    <property name="localRepository" value="C:\Users\azure\.m2\repository"/>
    <property name="java.vendor.url.bug" value="https://bugreport.java.com/bugreport/"/>
    <property name="java.io.tmpdir" value="C:\Users\azure\AppData\Local\Temp\"/>
    <property name="java.version" value="22.0.1"/>
    <property name="user.dir" value="C:\Users\azure\Repositórios\alura\oracle-next-education\challenges\conversor-de-moedas"/>
    <property name="os.arch" value="amd64"/>
    <property name="java.vm.specification.name" value="Java Virtual Machine Specification"/>
    <property name="sun.os.patch.level" value=""/>
    <property name="native.encoding" value="UTF-8"/>
    <property name="java.library.path" value="C:\Program Files\Java\jdk-22\bin;C:\WINDOWS\Sun\Java\bin;C:\WINDOWS\system32;C:\WINDOWS;C:\Program Files\PowerShell\7;C:\Program Files\Common Files\Oracle\Java\javapath;C:\Program Files (x86)\Embarcadero\Studio\19.0\bin;C:\Users\Public\Documents\Embarcadero\Studio\19.0\Bpl;C:\Program Files (x86)\Embarcadero\Studio\19.0\bin64;C:\Users\Public\Documents\Embarcadero\Studio\19.0\Bpl\Win64;C:\WINDOWS\system32;C:\WINDOWS;C:\WINDOWS\System32\Wbem;C:\WINDOWS\System32\WindowsPowerShell\v1.0\;C:\WINDOWS\System32\OpenSSH\;C:\ProgramData\UNIVALI\Portugol Studio;C:\Program Files\Git\cmd;C:\ProgramData\chocolatey\bin;C:\Program Files\dotnet\;C:\Program Files\Docker\Docker\resources\bin;C:\Program Files (x86)\sbt\bin;C:\Program Files\Microsoft SQL Server\150\Tools\Binn\;C:\Program Files\Microsoft SQL Server\Client SDK\ODBC\170\Tools\Binn\;C:\Program Files\PowerShell\7\;C:\Ruby32-x64\bin;C:\Users\azure\AppData\Local\Programs\Python\Python312\Scripts\;C:\Users\azure\AppData\Local\Programs\Python\Python312\;C:\Users\azure\AppData\Local\Microsoft\WindowsApps;C:\Users\azure\.dotnet\tools;C:\Apache24\bin;C:\Php7432;C:\Users\azure\AppData\Local\JetBrains\Toolbox\scripts;C:\ApacheMaven396\bin;C:\Flutter3195-stable\bin;C:\Users\azure\AppData\Local\Programs\Microsoft VS Code\bin;C:\Users\azure\.dotnet\tools;;."/>
    <property name="java.vm.info" value="mixed mode, sharing"/>
    <property name="stderr.encoding" value="UTF-8"/>
    <property name="java.vendor" value="Oracle Corporation"/>
    <property name="java.vm.version" value="22.0.1+8-16"/>
    <property name="sun.io.unicode.encoding" value="UnicodeLittle"/>
    <property name="java.class.version" value="66.0"/>
  </properties>
  <testcase name="testConversaoKelvin" classname="units.TemperatureTest" time="0.0"/>
  <testcase name="testConversaoNewton" classname="units.TemperatureTest" time="0.0"/>
  <testcase name="testConversaoCelsius" classname="units.TemperatureTest" time="0.0"/>
  <testcase name="testConversaoRankine" classname="units.TemperatureTest" time="0.0"/>
  <testcase name="testConversaoReaumur" classname="units.TemperatureTest" time="0.0"/>
  <testcase name="testConversaoFahrenheit" classname="units.TemperatureTest" time="0.0"/>
</testsuite>